<?xml version="1.0" encoding="UTF-8"?>
<testng-results skipped="0" failed="0" ignored="0" total="2" passed="2">
  <reporter-output>
  </reporter-output>
  <suite name="Suite" duration-ms="16521" started-at="2022-11-07T16:57:59Z" finished-at="2022-11-07T16:58:16Z">
    <groups>
    </groups>
    <test name="Test" duration-ms="16521" started-at="2022-11-07T16:57:59Z" finished-at="2022-11-07T16:58:16Z">
      <class name="TestClassNAGP2022">
        <test-method status="PASS" signature="setUp()[pri:0, instance:TestClassNAGP2022@d8355a8]" name="setUp" is-config="true" duration-ms="9365" started-at="2022-11-07T16:57:59Z" finished-at="2022-11-07T16:58:09Z">
          <reporter-output>
          </reporter-output>
        </test-method> <!-- setUp -->
        <test-method status="PASS" signature="checkHomePageIcon()[pri:0, instance:TestClassNAGP2022@d8355a8]" name="checkHomePageIcon" duration-ms="203" started-at="2022-11-07T16:58:09Z" finished-at="2022-11-07T16:58:09Z">
          <reporter-output>
          </reporter-output>
        </test-method> <!-- checkHomePageIcon -->
        <test-method status="PASS" signature="tearDown()[pri:0, instance:TestClassNAGP2022@d8355a8]" name="tearDown" is-config="true" duration-ms="857" started-at="2022-11-07T16:58:09Z" finished-at="2022-11-07T16:58:10Z">
          <reporter-output>
          </reporter-output>
        </test-method> <!-- tearDown -->
        <test-method status="PASS" signature="setUp()[pri:0, instance:TestClassNAGP2022@d8355a8]" name="setUp" is-config="true" duration-ms="4513" started-at="2022-11-07T16:58:10Z" finished-at="2022-11-07T16:58:14Z">
          <reporter-output>
          </reporter-output>
        </test-method> <!-- setUp -->
        <test-method status="PASS" signature="checkTitle()[pri:1, instance:TestClassNAGP2022@d8355a8]" name="checkTitle" duration-ms="454" started-at="2022-11-07T16:58:14Z" finished-at="2022-11-07T16:58:15Z">
          <reporter-output>
          </reporter-output>
        </test-method> <!-- checkTitle -->
        <test-method status="PASS" signature="tearDown()[pri:0, instance:TestClassNAGP2022@d8355a8]" name="tearDown" is-config="true" duration-ms="1096" started-at="2022-11-07T16:58:15Z" finished-at="2022-11-07T16:58:16Z">
          <reporter-output>
          </reporter-output>
        </test-method> <!-- tearDown -->
      </class> <!-- TestClassNAGP2022 -->
    </test> <!-- Test -->
  </suite> <!-- Suite -->
</testng-results>
