<?xml version="1.0" encoding="UTF-8"?>
<testng-results skipped="0" failed="0" ignored="0" total="2" passed="2">
  <reporter-output>
  </reporter-output>
  <suite name="Default suite" duration-ms="12748" started-at="2022-11-07T06:25:05Z" finished-at="2022-11-07T06:25:17Z">
    <groups>
    </groups>
    <test name="Default test" duration-ms="12748" started-at="2022-11-07T06:25:05Z" finished-at="2022-11-07T06:25:17Z">
      <class name="AmazonTestClass1">
        <test-method status="PASS" signature="setUp()[pri:0, instance:AmazonTestClass1@5d76b067]" name="setUp" is-config="true" duration-ms="6538" started-at="2022-11-07T06:25:05Z" finished-at="2022-11-07T06:25:11Z">
          <reporter-output>
          </reporter-output>
        </test-method> <!-- setUp -->
        <test-method status="PASS" signature="checkHomePageIcon()[pri:0, instance:AmazonTestClass1@5d76b067]" name="checkHomePageIcon" duration-ms="392" started-at="2022-11-07T06:25:11Z" finished-at="2022-11-07T06:25:11Z">
          <reporter-output>
          </reporter-output>
        </test-method> <!-- checkHomePageIcon -->
        <test-method status="PASS" signature="tearDown()[pri:0, instance:AmazonTestClass1@5d76b067]" name="tearDown" is-config="true" duration-ms="840" started-at="2022-11-07T06:25:11Z" finished-at="2022-11-07T06:25:12Z">
          <reporter-output>
          </reporter-output>
        </test-method> <!-- tearDown -->
        <test-method status="PASS" signature="setUp()[pri:0, instance:AmazonTestClass1@5d76b067]" name="setUp" is-config="true" duration-ms="3921" started-at="2022-11-07T06:25:12Z" finished-at="2022-11-07T06:25:16Z">
          <reporter-output>
          </reporter-output>
        </test-method> <!-- setUp -->
        <test-method status="PASS" signature="checkTitle()[pri:1, instance:AmazonTestClass1@5d76b067]" name="checkTitle" duration-ms="160" started-at="2022-11-07T06:25:16Z" finished-at="2022-11-07T06:25:16Z">
          <reporter-output>
          </reporter-output>
        </test-method> <!-- checkTitle -->
        <test-method status="PASS" signature="tearDown()[pri:0, instance:AmazonTestClass1@5d76b067]" name="tearDown" is-config="true" duration-ms="861" started-at="2022-11-07T06:25:16Z" finished-at="2022-11-07T06:25:17Z">
          <reporter-output>
          </reporter-output>
        </test-method> <!-- tearDown -->
      </class> <!-- AmazonTestClass1 -->
    </test> <!-- Default test -->
  </suite> <!-- Default suite -->
</testng-results>
